[handleMsg]:  {
  key: {
    remoteJid: '5214772307241@s.whatsapp.net',
    fromMe: false,
    id: '3EB0528DE8ADD9BE59C732',
    participant: undefined
  },
  messageTimestamp: 1690850876,
  pushName: 'Allan',
  broadcast: false,
  message: Message {
    conversation: 'hola',
    messageContextInfo: MessageContextInfo {
      deviceListMetadata: [DeviceListMetadata],
      deviceListMetadataVersion: 2
    }
  },
  body: 'hola',
  from: '5214772307241'
}
[handleMsg]:  {
  key: {
    remoteJid: '5214772307241@s.whatsapp.net',
    fromMe: false,
    id: '3EB01AA3CD1058A528B0AB',
    participant: undefined
  },
  messageTimestamp: 1690850883,
  pushName: 'Allan',
  broadcast: false,
  message: Message {
    conversation: 'imagen',
    messageContextInfo: MessageContextInfo {
      deviceListMetadata: [DeviceListMetadata],
      deviceListMetadataVersion: 2
    }
  },
  body: 'imagen',
  from: '5214772307241'
}
[handleMsg]:  {
  key: {
    remoteJid: '5214772307241@s.whatsapp.net',
    fromMe: false,
    id: '3EB0F18878B005E7875265',
    participant: undefined
  },
  messageTimestamp: 1690850894,
  pushName: 'Allan',
  broadcast: false,
  message: Message {
    conversation: 'img',
    messageContextInfo: MessageContextInfo {
      deviceListMetadata: [DeviceListMetadata],
      deviceListMetadataVersion: 2
    }
  },
  body: 'img',
  from: '5214772307241'
}
[handleMsg]:  {
  key: {
    remoteJid: '5214772307241@s.whatsapp.net',
    fromMe: false,
    id: '3EB0713F369F01D3EFAC23',
    participant: undefined
  },
  messageTimestamp: 1690850908,
  pushName: 'Allan',
  broadcast: false,
  message: Message {
    conversation: 'doc',
    messageContextInfo: MessageContextInfo {
      deviceListMetadata: [DeviceListMetadata],
      deviceListMetadataVersion: 2
    }
  },
  body: 'doc',
  from: '5214772307241'
}
[handleMsg]:  {
  key: {
    remoteJid: '5214772307241@s.whatsapp.net',
    fromMe: false,
    id: '3EB04C6A6630C3F3A92A11',
    participant: undefined
  },
  messageTimestamp: 1690850913,
  pushName: 'Allan',
  broadcast: false,
  message: Message {
    conversation: '2',
    messageContextInfo: MessageContextInfo {
      deviceListMetadata: [DeviceListMetadata],
      deviceListMetadataVersion: 2
    }
  },
  body: '2',
  from: '5214772307241'
}
[handleMsg]:  {
  key: {
    remoteJid: '5214772307241@s.whatsapp.net',
    fromMe: false,
    id: '3EB0C073326AF7D62C2109',
    participant: undefined
  },
  messageTimestamp: 1690851017,
  pushName: 'Allan',
  broadcast: false,
  message: Message {
    conversation: 'hola',
    messageContextInfo: MessageContextInfo {
      deviceListMetadata: [DeviceListMetadata],
      deviceListMetadataVersion: 2
    }
  },
  body: 'hola',
  from: '5214772307241'
}
[handleMsg]:  {
  key: {
    remoteJid: '5214772307241@s.whatsapp.net',
    fromMe: false,
    id: '3EB0F5475E926C50F8D645',
    participant: undefined
  },
  messageTimestamp: 1690851079,
  pushName: 'Allan',
  broadcast: false,
  message: Message {
    conversation: 'imagen',
    messageContextInfo: MessageContextInfo {
      deviceListMetadata: [DeviceListMetadata],
      deviceListMetadataVersion: 2
    }
  },
  body: 'imagen',
  from: '5214772307241'
}
[handleMsg]:  {
  key: {
    remoteJid: '5214772307241@s.whatsapp.net',
    fromMe: false,
    id: '3EB065FCAC138EF9B763CC',
    participant: undefined
  },
  messageTimestamp: 1690851097,
  pushName: 'Allan',
  broadcast: false,
  message: Message {
    conversation: '2',
    messageContextInfo: MessageContextInfo {
      deviceListMetadata: [DeviceListMetadata],
      deviceListMetadataVersion: 2
    }
  },
  body: '2',
  from: '5214772307241'
}
[handleMsg]:  {
  key: {
    remoteJid: '5214772307241@s.whatsapp.net',
    fromMe: false,
    id: '3EB099D814E87DD3D5CB5B',
    participant: undefined
  },
  messageTimestamp: 1690851106,
  pushName: 'Allan',
  broadcast: false,
  message: Message {
    conversation: 'hola',
    messageContextInfo: MessageContextInfo {
      deviceListMetadata: [DeviceListMetadata],
      deviceListMetadataVersion: 2
    }
  },
  body: 'hola',
  from: '5214772307241'
}
[handleMsg]:  {
  key: {
    remoteJid: '5214772307241@s.whatsapp.net',
    fromMe: false,
    id: '3EB0D3D48F44EEC15388E4',
    participant: undefined
  },
  messageTimestamp: 1690851112,
  pushName: 'Allan',
  broadcast: false,
  message: Message {
    conversation: 'tuto',
    messageContextInfo: MessageContextInfo {
      deviceListMetadata: [DeviceListMetadata],
      deviceListMetadataVersion: 2
    }
  },
  body: 'tuto',
  from: '5214772307241'
}
[handleMsg]:  {
  key: {
    remoteJid: '5214772307241@s.whatsapp.net',
    fromMe: false,
    id: '3EB094BA7E2676DD540204',
    participant: undefined
  },
  messageTimestamp: 1690851143,
  pushName: 'Allan',
  broadcast: false,
  message: Message {
    conversation: 'animo',
    messageContextInfo: MessageContextInfo {
      deviceListMetadata: [DeviceListMetadata],
      deviceListMetadataVersion: 2
    }
  },
  body: 'animo',
  from: '5214772307241'
}
[handleMsg]:  {
  key: {
    remoteJid: '5214772307241@s.whatsapp.net',
    fromMe: false,
    id: '3EB049D5F27C631102C2C3',
    participant: undefined
  },
  messageTimestamp: 1690851205,
  pushName: 'Allan',
  broadcast: false,
  message: Message {
    conversation: 'alicia corre rápido a casa',
    messageContextInfo: MessageContextInfo {
      deviceListMetadata: [DeviceListMetadata],
      deviceListMetadataVersion: 2
    }
  },
  body: 'alicia corre rápido a casa',
  from: '5214772307241'
}
